c:\users\acer\desktop\songokubeta\songoku\songoku\debug\vc141.pdb
c:\users\acer\desktop\songokubeta\songoku\songoku\debug\vc141.idb
c:\users\acer\desktop\songokubeta\songoku\songoku\debug\warning.obj
c:\users\acer\desktop\songokubeta\songoku\songoku\debug\songoku.obj
c:\users\acer\desktop\songokubeta\songoku\songoku\debug\publicfunction.obj
c:\users\acer\desktop\songokubeta\songoku\songoku\debug\monster.obj
c:\users\acer\desktop\songokubeta\songoku\songoku\debug\mainobject.obj
c:\users\acer\desktop\songokubeta\songoku\songoku\debug\main.obj
c:\users\acer\desktop\songokubeta\songoku\songoku\debug\handleeffect.obj
c:\users\acer\desktop\songokubeta\songoku\songoku\debug\effect.obj
c:\users\acer\desktop\songokubeta\songoku\songoku\debug\bullet.obj
c:\users\acer\desktop\songokubeta\songoku\songoku\debug\boss.obj
c:\users\acer\desktop\songokubeta\songoku\songoku\debug\baseobject.obj
c:\users\acer\desktop\songokubeta\songoku\songoku\debug\menu.obj
c:\users\acer\desktop\songokubeta\songoku\debug\songoku.exe
c:\users\acer\desktop\songokubeta\songoku\debug\songoku.ilk
c:\users\acer\desktop\songokubeta\songoku\debug\songoku.pdb
c:\users\acer\desktop\songokubeta\songoku\songoku\debug\songoku.tlog\cl.command.1.tlog
c:\users\acer\desktop\songokubeta\songoku\songoku\debug\songoku.tlog\cl.read.1.tlog
c:\users\acer\desktop\songokubeta\songoku\songoku\debug\songoku.tlog\cl.write.1.tlog
c:\users\acer\desktop\songokubeta\songoku\songoku\debug\songoku.tlog\link.command.1.tlog
c:\users\acer\desktop\songokubeta\songoku\songoku\debug\songoku.tlog\link.read.1.tlog
c:\users\acer\desktop\songokubeta\songoku\songoku\debug\songoku.tlog\link.write.1.tlog
